<?xml version="1.0" encoding="UTF-8"?>
<testsuite name="stqa.pft.addressbook.tests.GroupModificationTest" tests="1" skipped="0" failures="0" errors="0" timestamp="2019-06-09T15:53:09" hostname="Patryks-Air.home" time="2.392">
  <properties/>
  <testcase name="testGroupModification" classname="stqa.pft.addressbook.tests.GroupModificationTest" time="2.392"/>
  <system-out><![CDATA[]]></system-out>
  <system-err><![CDATA[]]></system-err>
</testsuite>
