<?xml version="1.0" encoding="UTF-8"?>
<testsuite name="stqa.pft.addressbook.tests.ContactModificationTest" tests="1" skipped="0" failures="0" errors="0" timestamp="2019-06-09T16:09:36" hostname="Patryks-Air.home" time="8.402">
  <properties/>
  <testcase name="testContactModification" classname="stqa.pft.addressbook.tests.ContactModificationTest" time="8.402"/>
  <system-out><![CDATA[]]></system-out>
  <system-err><![CDATA[1560096577526	Marionette	WARN	TimedPromise timed out after 500 ms: stacktrace:
bail@chrome://marionette/content/sync.js:223:64
1560096578730	Marionette	WARN	TimedPromise timed out after 500 ms: stacktrace:
bail@chrome://marionette/content/sync.js:223:64
1560096579957	Marionette	WARN	TimedPromise timed out after 500 ms: stacktrace:
bail@chrome://marionette/content/sync.js:223:64
]]></system-err>
</testsuite>
