<?xml version="1.0" encoding="UTF-8"?>
<testsuite name="stqa.pft.addressbook.tests.ContactDetailsTest" tests="1" skipped="0" failures="0" errors="0" timestamp="2019-06-09T16:09:44" hostname="Patryks-Air.home" time="5.45">
  <properties/>
  <testcase name="testContactDetails" classname="stqa.pft.addressbook.tests.ContactDetailsTest" time="5.45"/>
  <system-out><![CDATA[]]></system-out>
  <system-err><![CDATA[]]></system-err>
</testsuite>
