<?xml version="1.0" encoding="UTF-8"?>
<testsuite name="stqa.pft.addressbook.tests.ContactPostCodeTest" tests="1" skipped="0" failures="0" errors="0" timestamp="2019-06-09T16:09:54" hostname="Patryks-Air.home" time="2.028">
  <properties/>
  <testcase name="testContactPostCode" classname="stqa.pft.addressbook.tests.ContactPostCodeTest" time="2.028"/>
  <system-out><![CDATA[]]></system-out>
  <system-err><![CDATA[]]></system-err>
</testsuite>
