<?xml version="1.0" encoding="UTF-8"?>
<testsuite name="stqa.pft.addressbook.tests.ContactModificationTest" tests="1" skipped="0" failures="0" errors="0" timestamp="2019-06-09T15:45:32" hostname="Patryks-Air.home" time="4.765">
  <properties/>
  <testcase name="testContactModification" classname="stqa.pft.addressbook.tests.ContactModificationTest" time="4.765"/>
  <system-out><![CDATA[]]></system-out>
  <system-err><![CDATA[]]></system-err>
</testsuite>
