<?xml version="1.0" encoding="UTF-8"?>
<testsuite name="stqa.pft.addressbook.tests.ContactEmailTest" tests="1" skipped="0" failures="0" errors="0" timestamp="2019-06-09T15:45:42" hostname="Patryks-Air.home" time="1.238">
  <properties/>
  <testcase name="testContactEmail" classname="stqa.pft.addressbook.tests.ContactEmailTest" time="1.238"/>
  <system-out><![CDATA[]]></system-out>
  <system-err><![CDATA[]]></system-err>
</testsuite>
