<?xml version="1.0" encoding="UTF-8"?>
<testsuite name="stqa.pft.addressbook.tests.GroupCreationTests" tests="4" skipped="0" failures="0" errors="0" timestamp="2019-06-09T15:45:04" hostname="Patryks-Air.home" time="11.131">
  <properties/>
  <testcase name="testBadGroupCreation" classname="stqa.pft.addressbook.tests.GroupCreationTests" time="3.752"/>
  <testcase name="testGroupCreation[0](GroupData{name='test 0', header='header 0', footer='footer 0'})" classname="stqa.pft.addressbook.tests.GroupCreationTests" time="2.452"/>
  <testcase name="testGroupCreation[1](GroupData{name='test 1', header='header 1', footer='footer 1'})" classname="stqa.pft.addressbook.tests.GroupCreationTests" time="2.401"/>
  <testcase name="testGroupCreation[2](GroupData{name='test 2', header='header 2', footer='footer 2'})" classname="stqa.pft.addressbook.tests.GroupCreationTests" time="2.472"/>
  <system-out><![CDATA[]]></system-out>
  <system-err><![CDATA[]]></system-err>
</testsuite>
