<?xml version="1.0" encoding="UTF-8"?>
<testsuite name="stqa.pft.addressbook.tests.ContactDeletionTest" tests="1" skipped="0" failures="0" errors="0" timestamp="2019-06-09T15:45:48" hostname="Patryks-Air.home" time="1.818">
  <properties/>
  <testcase name="testContactDeletionInEdit" classname="stqa.pft.addressbook.tests.ContactDeletionTest" time="1.818"/>
  <system-out><![CDATA[]]></system-out>
  <system-err><![CDATA[]]></system-err>
</testsuite>
